2022/06/19 05:36:21 [notice] 18#18: using the "epoll" event method
2022/06/19 05:36:21 [notice] 18#18: nginx/1.21.6
2022/06/19 05:36:21 [notice] 18#18: built by gcc 8.3.0 (Debian 8.3.0-6) 
2022/06/19 05:36:21 [notice] 18#18: OS: Linux 5.10.16.3-microsoft-standard-WSL2
2022/06/19 05:36:21 [notice] 18#18: getrlimit(RLIMIT_NOFILE): 1048576:1048576
2022/06/19 05:36:21 [notice] 18#18: start worker processes
2022/06/19 05:36:21 [notice] 18#18: start worker process 19
2022/06/19 05:36:21 [notice] 18#18: start worker process 20
2022/06/19 05:36:21 [notice] 18#18: start worker process 21
2022/06/19 05:36:21 [notice] 18#18: start worker process 22
2022/06/19 06:42:07 [notice] 18#18: using the "epoll" event method
2022/06/19 06:42:07 [notice] 18#18: nginx/1.21.6
2022/06/19 06:42:07 [notice] 18#18: built by gcc 8.3.0 (Debian 8.3.0-6) 
2022/06/19 06:42:07 [notice] 18#18: OS: Linux 5.10.16.3-microsoft-standard-WSL2
2022/06/19 06:42:07 [notice] 18#18: getrlimit(RLIMIT_NOFILE): 1048576:1048576
2022/06/19 06:42:07 [notice] 18#18: start worker processes
2022/06/19 06:42:07 [notice] 18#18: start worker process 19
2022/06/19 06:42:07 [notice] 18#18: start worker process 20
2022/06/19 06:42:07 [notice] 18#18: start worker process 21
2022/06/19 06:42:07 [notice] 18#18: start worker process 22
2022/06/19 06:42:20 [error] 20#20: *1 open() "/var/www/html/public/phpmyadmin/themes/pmahomme/img/bd_spatial.png" failed (2: No such file or directory), client: 172.17.0.1, server: laravel.local, request: "GET /phpmyadmin/themes/pmahomme/img/bd_spatial.png HTTP/1.1", host: "localhost", referrer: "http://localhost/phpmyadmin/themes/pmahomme/css/theme.css?v=5.0.3&nocache=6307390820ltr&server=1"
2022/06/19 08:58:06 [notice] 18#18: using the "epoll" event method
2022/06/19 08:58:06 [notice] 18#18: nginx/1.21.6
2022/06/19 08:58:06 [notice] 18#18: built by gcc 8.3.0 (Debian 8.3.0-6) 
2022/06/19 08:58:06 [notice] 18#18: OS: Linux 5.10.16.3-microsoft-standard-WSL2
2022/06/19 08:58:06 [notice] 18#18: getrlimit(RLIMIT_NOFILE): 1048576:1048576
2022/06/19 08:58:06 [notice] 18#18: start worker processes
2022/06/19 08:58:06 [notice] 18#18: start worker process 19
2022/06/19 08:58:06 [notice] 18#18: start worker process 20
2022/06/19 08:58:06 [notice] 18#18: start worker process 21
2022/06/19 08:58:06 [notice] 18#18: start worker process 22
2022/06/20 13:22:38 [notice] 18#18: using the "epoll" event method
2022/06/20 13:22:38 [notice] 18#18: nginx/1.21.6
2022/06/20 13:22:38 [notice] 18#18: built by gcc 8.3.0 (Debian 8.3.0-6) 
2022/06/20 13:22:38 [notice] 18#18: OS: Linux 5.10.16.3-microsoft-standard-WSL2
2022/06/20 13:22:38 [notice] 18#18: getrlimit(RLIMIT_NOFILE): 1048576:1048576
2022/06/20 13:22:38 [notice] 18#18: start worker processes
2022/06/20 13:22:38 [notice] 18#18: start worker process 19
2022/06/20 13:22:38 [notice] 18#18: start worker process 20
2022/06/20 13:22:38 [notice] 18#18: start worker process 21
2022/06/20 13:22:38 [notice] 18#18: start worker process 22
